<?xml version="1.0" encoding="UTF-8"?>
<testsuite xmlns:xsi="http://www.w3.org/2001/XMLSchema-instance" xsi:noNamespaceSchemaLocation="https://maven.apache.org/surefire/maven-surefire-plugin/xsd/surefire-test-report-3.0.xsd" version="3.0" name="uk.gov.dwp.uc.pairtest.CinemaTicketsApplicationTests" time="7.166" tests="10" errors="0" skipped="0" failures="6">
  <properties>
[...]
</properties>
  <testcase name="testPurchaseTickets_TooManyTickets" classname="uk.gov.dwp.uc.pairtest.CinemaTicketsApplicationTests" time="1.816">
    <failure message="Expected uk.gov.dwp.uc.pairtest.exception.InvalidPurchaseException to be thrown, but nothing was thrown." type="org.opentest4j.AssertionFailedError"><![CDATA[org.opentest4j.AssertionFailedError: Expected uk.gov.dwp.uc.pairtest.exception.InvalidPurchaseException to be thrown, but nothing was thrown.
	at org.junit.jupiter.api.AssertionFailureBuilder.build(AssertionFailureBuilder.java:152)
	at org.junit.jupiter.api.AssertThrows.assertThrows(AssertThrows.java:73)
	at org.junit.jupiter.api.AssertThrows.assertThrows(AssertThrows.java:35)
	at org.junit.jupiter.api.Assertions.assertThrows(Assertions.java:3115)
	at uk.gov.dwp.uc.pairtest.CinemaTicketsApplicationTests.testPurchaseTickets_TooManyTickets(CinemaTicketsApplicationTests.java:93)
	at java.base/java.lang.reflect.Method.invoke(Method.java:580)
	at java.base/java.util.ArrayList.forEach(ArrayList.java:1597)
	at java.base/java.util.ArrayList.forEach(ArrayList.java:1597)
]]></failure>
    <system-out><![CDATA[21:22:11.272 [main] INFO org.springframework.test.context.support.AnnotationConfigContextLoaderUtils -- Could not detect default configuration classes for test class [uk.gov.dwp.uc.pairtest.CinemaTicketsApplicationTests]: CinemaTicketsApplicationTests does not declare any static, non-private, non-final, nested classes annotated with @Configuration.
21:22:11.516 [main] INFO org.springframework.boot.test.context.SpringBootTestContextBootstrapper -- Found @SpringBootConfiguration uk.gov.dwp.uc.pairtest.CinemaTicketsApplication for test class uk.gov.dwp.uc.pairtest.CinemaTicketsApplicationTests

  .   ____          _            __ _ _
 /\\ / ___'_ __ _ _(_)_ __  __ _ \ \ \ \
( ( )\___ | '_ | '_| | '_ \/ _` | \ \ \ \
 \\/  ___)| |_)| | | | | || (_| |  ) ) ) )
  '  |____| .__|_| |_|_| |_\__, | / / / /
 =========|_|==============|___/=/_/_/_/
&amp#27;[32m :: Spring Boot :: &amp#27;[39m              &amp#27;[2m (v3.2.5)&amp#27;[0;39m

&amp#27;[2m2025-09-22T21:22:12.922+01:00&amp#27;[0;39m &amp#27;[32m INFO&amp#27;[0;39m &amp#27;[35m90536&amp#27;[0;39m &amp#27;[2m---&amp#27;[0;39m &amp#27;[2m[           main]&amp#27;[0;39m &amp#27;[2m&amp#27;[0;39m&amp#27;[36mu.g.d.u.p.CinemaTicketsApplicationTests &amp#27;[0;39m &amp#27;[2m:&amp#27;[0;39m Starting CinemaTicketsApplicationTests using Java 23.0.2 with PID 90536 (started by user in /Users/user/Documents/dwp/dwp2/cinema-tickets/cinema-tickets-java)
&amp#27;[2m2025-09-22T21:22:12.935+01:00&amp#27;[0;39m &amp#27;[32m INFO&amp#27;[0;39m &amp#27;[35m90536&amp#27;[0;39m &amp#27;[2m---&amp#27;[0;39m &amp#27;[2m[           main]&amp#27;[0;39m &amp#27;[2m&amp#27;[0;39m&amp#27;[36mu.g.d.u.p.CinemaTicketsApplicationTests &amp#27;[0;39m &amp#27;[2m:&amp#27;[0;39m No active profile set, falling back to 1 default profile: "default"
&amp#27;[2m2025-09-22T21:22:14.973+01:00&amp#27;[0;39m &amp#27;[32mDEBUG&amp#27;[0;39m &amp#27;[35m90536&amp#27;[0;39m &amp#27;[2m---&amp#27;[0;39m &amp#27;[2m[           main]&amp#27;[0;39m &amp#27;[2m&amp#27;[0;39m&amp#27;[36mySourcesPropertyResolver$DefaultResolver&amp#27;[0;39m &amp#27;[2m:&amp#27;[0;39m Found key 'CHILD_TICKET_PRICE' in PropertySource 'class path resource [application-test.properties]' with value of type String
&amp#27;[2m2025-09-22T21:22:14.975+01:00&amp#27;[0;39m &amp#27;[32mDEBUG&amp#27;[0;39m &amp#27;[35m90536&amp#27;[0;39m &amp#27;[2m---&amp#27;[0;39m &amp#27;[2m[           main]&amp#27;[0;39m &amp#27;[2m&amp#27;[0;39m&amp#27;[36mySourcesPropertyResolver$DefaultResolver&amp#27;[0;39m &amp#27;[2m:&amp#27;[0;39m Found key 'ADULT_TICKET_PRICE' in PropertySource 'class path resource [application-test.properties]' with value of type String
&amp#27;[2m2025-09-22T21:22:14.995+01:00&amp#27;[0;39m &amp#27;[32mDEBUG&amp#27;[0;39m &amp#27;[35m90536&amp#27;[0;39m &amp#27;[2m---&amp#27;[0;39m &amp#27;[2m[           main]&amp#27;[0;39m &amp#27;[2m&amp#27;[0;39m&amp#27;[36mySourcesPropertyResolver$DefaultResolver&amp#27;[0;39m &amp#27;[2m:&amp#27;[0;39m Found key 'MIN_TICKET' in PropertySource 'class path resource [application-test.properties]' with value of type String
&amp#27;[2m2025-09-22T21:22:14.995+01:00&amp#27;[0;39m &amp#27;[32mDEBUG&amp#27;[0;39m &amp#27;[35m90536&amp#27;[0;39m &amp#27;[2m---&amp#27;[0;39m &amp#27;[2m[           main]&amp#27;[0;39m &amp#27;[2m&amp#27;[0;39m&amp#27;[36mySourcesPropertyResolver$DefaultResolver&amp#27;[0;39m &amp#27;[2m:&amp#27;[0;39m Found key 'MAX_TICKET' in PropertySource 'class path resource [application-test.properties]' with value of type String
&amp#27;[2m2025-09-22T21:22:14.998+01:00&amp#27;[0;39m &amp#27;[32mDEBUG&amp#27;[0;39m &amp#27;[35m90536&amp#27;[0;39m &amp#27;[2m---&amp#27;[0;39m &amp#27;[2m[           main]&amp#27;[0;39m &amp#27;[2m&amp#27;[0;39m&amp#27;[36mySourcesPropertyResolver$DefaultResolver&amp#27;[0;39m &amp#27;[2m:&amp#27;[0;39m Found key 'MIN_TICKET' in PropertySource 'class path resource [application-test.properties]' with value of type String
&amp#27;[2m2025-09-22T21:22:15.000+01:00&amp#27;[0;39m &amp#27;[32mDEBUG&amp#27;[0;39m &amp#27;[35m90536&amp#27;[0;39m &amp#27;[2m---&amp#27;[0;39m &amp#27;[2m[           main]&amp#27;[0;39m &amp#27;[2m&amp#27;[0;39m&amp#27;[36mySourcesPropertyResolver$DefaultResolver&amp#27;[0;39m &amp#27;[2m:&amp#27;[0;39m Found key 'MAX_TICKET' in PropertySource 'class path resource [application-test.properties]' with value of type String
&amp#27;[2m2025-09-22T21:22:15.827+01:00&amp#27;[0;39m &amp#27;[32m INFO&amp#27;[0;39m &amp#27;[35m90536&amp#27;[0;39m &amp#27;[2m---&amp#27;[0;39m &amp#27;[2m[           main]&amp#27;[0;39m &amp#27;[2m&amp#27;[0;39m&amp#27;[36mu.g.d.u.p.CinemaTicketsApplicationTests &amp#27;[0;39m &amp#27;[2m:&amp#27;[0;39m Started CinemaTicketsApplicationTests in 3.992 seconds (process running for 6.559)
]]></system-out>
    <system-err><![CDATA[WARNING: A Java agent has been loaded dynamically (/Users/user/.m2/repository/net/bytebuddy/byte-buddy-agent/1.14.13/byte-buddy-agent-1.14.13.jar)
WARNING: If a serviceability tool is in use, please run with -XX:+EnableDynamicAgentLoading to hide this warning
WARNING: If a serviceability tool is not in use, please run with -Djdk.instrument.traceUsage for more information
WARNING: Dynamic loading of agents will be disallowed by default in a future release
]]></system-err>
  </testcase>
  <testcase name="testNullTypeThrowsException" classname="uk.gov.dwp.uc.pairtest.CinemaTicketsApplicationTests" time="0.015">
    <failure message="expected: &lt;true&gt; but was: &lt;false&gt;" type="org.opentest4j.AssertionFailedError"><![CDATA[org.opentest4j.AssertionFailedError: expected: <true> but was: <false>
	at org.junit.jupiter.api.AssertionFailureBuilder.build(AssertionFailureBuilder.java:151)
	at org.junit.jupiter.api.AssertionFailureBuilder.buildAndThrow(AssertionFailureBuilder.java:132)
	at org.junit.jupiter.api.AssertTrue.failNotTrue(AssertTrue.java:63)
	at org.junit.jupiter.api.AssertTrue.assertTrue(AssertTrue.java:36)
	at org.junit.jupiter.api.AssertTrue.assertTrue(AssertTrue.java:31)
	at org.junit.jupiter.api.Assertions.assertTrue(Assertions.java:183)
	at uk.gov.dwp.uc.pairtest.CinemaTicketsApplicationTests.testNullTypeThrowsException(CinemaTicketsApplicationTests.java:124)
	at java.base/java.lang.reflect.Method.invoke(Method.java:580)
	at java.base/java.util.ArrayList.forEach(ArrayList.java:1597)
	at java.base/java.util.ArrayList.forEach(ArrayList.java:1597)
]]></failure>
  </testcase>
  <testcase name="testPurchaseTickets_NoAdultTicket" classname="uk.gov.dwp.uc.pairtest.CinemaTicketsApplicationTests" time="0.01">
    <failure message="expected: &lt;At least one ADULT ticket must be purchased&gt; but was: &lt;Child or Infant tickets cannot be purchased without an Adult.&gt;" type="org.opentest4j.AssertionFailedError"><![CDATA[org.opentest4j.AssertionFailedError: expected: <At least one ADULT ticket must be purchased> but was: <Child or Infant tickets cannot be purchased without an Adult.>
	at org.junit.jupiter.api.AssertionFailureBuilder.build(AssertionFailureBuilder.java:151)
	at org.junit.jupiter.api.AssertionFailureBuilder.buildAndThrow(AssertionFailureBuilder.java:132)
	at org.junit.jupiter.api.AssertEquals.failNotEqual(AssertEquals.java:197)
	at org.junit.jupiter.api.AssertEquals.assertEquals(AssertEquals.java:182)
	at org.junit.jupiter.api.AssertEquals.assertEquals(AssertEquals.java:177)
	at org.junit.jupiter.api.Assertions.assertEquals(Assertions.java:1145)
	at uk.gov.dwp.uc.pairtest.CinemaTicketsApplicationTests.testPurchaseTickets_NoAdultTicket(CinemaTicketsApplicationTests.java:86)
	at java.base/java.lang.reflect.Method.invoke(Method.java:580)
	at java.base/java.util.ArrayList.forEach(ArrayList.java:1597)
	at java.base/java.util.ArrayList.forEach(ArrayList.java:1597)
]]></failure>
  </testcase>
  <testcase name="testPurchaseTickets_InfantsExceedAdults" classname="uk.gov.dwp.uc.pairtest.CinemaTicketsApplicationTests" time="0.01">
    <failure message="Expected uk.gov.dwp.uc.pairtest.exception.InvalidPurchaseException to be thrown, but nothing was thrown." type="org.opentest4j.AssertionFailedError"><![CDATA[org.opentest4j.AssertionFailedError: Expected uk.gov.dwp.uc.pairtest.exception.InvalidPurchaseException to be thrown, but nothing was thrown.
	at org.junit.jupiter.api.AssertionFailureBuilder.build(AssertionFailureBuilder.java:152)
	at org.junit.jupiter.api.AssertThrows.assertThrows(AssertThrows.java:73)
	at org.junit.jupiter.api.AssertThrows.assertThrows(AssertThrows.java:35)
	at org.junit.jupiter.api.Assertions.assertThrows(Assertions.java:3115)
	at uk.gov.dwp.uc.pairtest.CinemaTicketsApplicationTests.testPurchaseTickets_InfantsExceedAdults(CinemaTicketsApplicationTests.java:105)
	at java.base/java.lang.reflect.Method.invoke(Method.java:580)
	at java.base/java.util.ArrayList.forEach(ArrayList.java:1597)
	at java.base/java.util.ArrayList.forEach(ArrayList.java:1597)
]]></failure>
  </testcase>
  <testcase name="testZeroTicketsThrowsException" classname="uk.gov.dwp.uc.pairtest.CinemaTicketsApplicationTests" time="0.006">
    <failure message="expected: &lt;true&gt; but was: &lt;false&gt;" type="org.opentest4j.AssertionFailedError"><![CDATA[org.opentest4j.AssertionFailedError: expected: <true> but was: <false>
	at org.junit.jupiter.api.AssertionFailureBuilder.build(AssertionFailureBuilder.java:151)
	at org.junit.jupiter.api.AssertionFailureBuilder.buildAndThrow(AssertionFailureBuilder.java:132)
	at org.junit.jupiter.api.AssertTrue.failNotTrue(AssertTrue.java:63)
	at org.junit.jupiter.api.AssertTrue.assertTrue(AssertTrue.java:36)
	at org.junit.jupiter.api.AssertTrue.assertTrue(AssertTrue.java:31)
	at org.junit.jupiter.api.Assertions.assertTrue(Assertions.java:183)
	at uk.gov.dwp.uc.pairtest.CinemaTicketsApplicationTests.testZeroTicketsThrowsException(CinemaTicketsApplicationTests.java:132)
	at java.base/java.lang.reflect.Method.invoke(Method.java:580)
	at java.base/java.util.ArrayList.forEach(ArrayList.java:1597)
	at java.base/java.util.ArrayList.forEach(ArrayList.java:1597)
]]></failure>
  </testcase>
  <testcase name="testPropertiesAreLoadedCorrectly" classname="uk.gov.dwp.uc.pairtest.CinemaTicketsApplicationTests" time="0.009">
    <system-out><![CDATA[Min Ticket: 1
Max Ticket: 25
]]></system-out>
  </testcase>
  <testcase name="testPurchaseTickets_ValidInput" classname="uk.gov.dwp.uc.pairtest.CinemaTicketsApplicationTests" time="0.009"/>
  <testcase name="testPurchaseTickets_InvalidAccountId" classname="uk.gov.dwp.uc.pairtest.CinemaTicketsApplicationTests" time="0.009"/>
  <testcase name="testValidTicketTypeRequest" classname="uk.gov.dwp.uc.pairtest.CinemaTicketsApplicationTests" time="0.005"/>
  <testcase name="testNegativeTicketsThrowsException" classname="uk.gov.dwp.uc.pairtest.CinemaTicketsApplicationTests" time="0.01">
    <failure message="expected: &lt;true&gt; but was: &lt;false&gt;" type="org.opentest4j.AssertionFailedError"><![CDATA[org.opentest4j.AssertionFailedError: expected: <true> but was: <false>
	at org.junit.jupiter.api.AssertionFailureBuilder.build(AssertionFailureBuilder.java:151)
	at org.junit.jupiter.api.AssertionFailureBuilder.buildAndThrow(AssertionFailureBuilder.java:132)
	at org.junit.jupiter.api.AssertTrue.failNotTrue(AssertTrue.java:63)
	at org.junit.jupiter.api.AssertTrue.assertTrue(AssertTrue.java:36)
	at org.junit.jupiter.api.AssertTrue.assertTrue(AssertTrue.java:31)
	at org.junit.jupiter.api.Assertions.assertTrue(Assertions.java:183)
	at uk.gov.dwp.uc.pairtest.CinemaTicketsApplicationTests.testNegativeTicketsThrowsException(CinemaTicketsApplicationTests.java:140)
	at java.base/java.lang.reflect.Method.invoke(Method.java:580)
	at java.base/java.util.ArrayList.forEach(ArrayList.java:1597)
	at java.base/java.util.ArrayList.forEach(ArrayList.java:1597)
]]></failure>
  </testcase>
</testsuite>